<plugin name="TestRelPlugin" displayName="Test One" package="org.rhq.plugins.test1"
        xmlns:xsi="http://www.w3.org/2001/XMLSchema-instance"
        xmlns="urn:xmlns:rhq-plugin"
        xmlns:c="urn:xmlns:rhq-configuration">

        
	<relationships>
		<relationship name="InterPluginRelationship" cardinality="one:many" userEditable="true" type="ASSOCIATION" sourceConstraint="NONE">
			<source type="SomeType" plugin="OptionalPluginNameHere" unique="false"/>
    		<target type="MyType"/>
		</relationship>
	</relationships>
	
	
	<server name="MyType">
	</server>
</plugin>