<?xml version="1.0"?>

<!--
  ~ RHQ Management Platform
  ~ Copyright (C) 2013 Red Hat, Inc.
  ~ All rights reserved.
  ~
  ~ This program is free software; you can redistribute it and/or modify
  ~ it under the terms of the GNU General Public License as published by
  ~ the Free Software Foundation version 2 of the License.
  ~
  ~ This program is distributed in the hope that it will be useful,
  ~ but WITHOUT ANY WARRANTY; without even the implied warranty of
  ~ MERCHANTABILITY or FITNESS FOR A PARTICULAR PURPOSE. See the
  ~ GNU General Public License for more details.
  ~
  ~ You should have received a copy of the GNU General Public License
  ~ along with this program; if not, write to the Free Software
  ~ Foundation, Inc., 675 Mass Ave, Cambridge, MA 02139, USA.
  -->

<project name="test-bundle" default="main" xmlns:rhq="antlib:org.rhq.bundle">

    <rhq:bundle name="test compressed archive files" version="1.0">

        <rhq:input-property name="listener.port" type="integer"/>

        <rhq:deployment-unit name="appserver" compliance="full">
            <rhq:archive name="file.zip" exploded="false">
                <rhq:replace>
                    <rhq:fileset includes="**/*.foo"/>
                    <rhq:fileset includes="**/*.properties"/>
                </rhq:replace>
            </rhq:archive>
        </rhq:deployment-unit>

    </rhq:bundle>

    <target name="main"/>
</project>
