<?xml version="1.0"?>

<!--
  ~ RHQ Management Platform
  ~ Copyright (C) 2013 Red Hat, Inc.
  ~ All rights reserved.
  ~
  ~ This program is free software; you can redistribute it and/or modify
  ~ it under the terms of the GNU General Public License as published by
  ~ the Free Software Foundation version 2 of the License.
  ~
  ~ This program is distributed in the hope that it will be useful,
  ~ but WITHOUT ANY WARRANTY; without even the implied warranty of
  ~ MERCHANTABILITY or FITNESS FOR A PARTICULAR PURPOSE. See the
  ~ GNU General Public License for more details.
  ~
  ~ You should have received a copy of the GNU General Public License
  ~ along with this program; if not, write to the Free Software
  ~ Foundation, Inc., 675 Mass Ave, Cambridge, MA 02139, USA.
  -->

<project name="test-bundle" default="main" xmlns:rhq="antlib:org.rhq.bundle">

    <rhq:bundle name="example.com (JBoss EAP 4.3)" version="2.5"
                description="updated bundle">

        <rhq:input-property
                name="listener.port"
                description="This is where the product will listen for incoming messages"
                required="true"
                defaultValue="9090"
                type="integer"/>

        <rhq:deployment-unit name="appserver" preinstallTarget="preinstall" postinstallTarget="postinstall"
                             compliance="filesAndDirectories"> <!-- this is the only difference with test-bundle-v2.xml -->
            <rhq:system-service name="foo" scriptFile="foo-script"
                         configFile="foo-config" overwriteScript="true"
                         startLevels="3,4,5" startPriority="80" stopPriority="20" root="root"/>
            <rhq:file name="test-v2.properties" destinationFile="subdir/test.properties" replace="true"/>
            <rhq:archive name="file.zip">
                <rhq:replace>
                    <rhq:fileset includes="**/*.properties"/>
                </rhq:replace>
            </rhq:archive>
            <!-- the files that should be ignored during upgrades -->
            <rhq:ignore>
                <rhq:fileset includes="*.log"/>
            </rhq:ignore>
        </rhq:deployment-unit>

    </rhq:bundle>

    <target name="main"/>

    <target name="preinstall">
        <echo>Deploying Test Bundle v2.5 to ${rhq.deploy.dir}...</echo>
        <property name="preinstallTargetExecuted" value="2a"/>
    </target>

    <target name="postinstall">
        <echo>Done deploying Test Bundle v2.5 to ${rhq.deploy.dir}.</echo>
        <property name="postinstallTargetExecuted" value="2b"/>
    </target>

</project>
