<?xml version="1.0" encoding="UTF-8"?>

<!DOCTYPE preferences SYSTEM 'http://java.sun.com/dtd/preferences.dtd'>

<preferences EXTERNAL_XML_VERSION="1.0">
<root type="user">
<map />
<node name="rhq-agent">
<map />
<node name="test">
<map>
   <!-- settings that really are used just because we are testing -->
   <entry key="rhq.agent.do-not-enable-management-services"  value="false" /> <!-- these tests needs the management stuff! -->
   <entry key="rhq.agent.do-not-start-pc-at-startup"         value="true" />  <!-- our tests will start the PC themselves -->
   <entry key="rhq.agent.do-not-notify-server-of-shutdown"   value="true" />
   <entry key="rhq.agent.disable-native-system"              value="true" />
   <entry key="rhq.agent.security-token"                     value="test token" />
   
   <!-- the "real" settings -->
   <entry key="rhq.agent.name"                                                       value="jboss-on" />
   <entry key="rhq.agent.configuration-schema-version"                               value="5" />
   <entry key="rhq.agent.configuration-setup-flag"                                   value="true" />
   <entry key="rhq.agent.server.transport"                                           value="socket" />
   <entry key="rhq.agent.server.bind-address"                                        value="127.0.0.1" />
   <entry key="rhq.agent.server.bind-port"                                           value="22222" />
   <entry key="rhq.agent.server.transport-params"                                    value="" />
   <entry key="rhq.agent.server-auto-detection"                                      value="false" />
   <entry key="rhq.agent.register-with-server-at-startup"                            value="false" />
   <entry key="rhq.agent.wait-for-server-at-startup-msecs"                           value="0" />
   <entry key="rhq.agent.update-plugins-at-startup"                                  value="false" />
   <entry key="rhq.agent.data-directory"                                             value="target/testdata" />
   <entry key="rhq.agent.plugins.directory"                                          value="target/plugins" />
   <entry key="rhq.agent.client.queue-size"                                          value="10000" />
   <entry key="rhq.agent.client.max-concurrent"                                      value="5" />
   <entry key="rhq.agent.client.command-timeout-msecs"                               value="60000" />
   <entry key="rhq.agent.client.retry-interval-msecs"                                value="10000" />
   <entry key="rhq.agent.client.server-polling-interval-msecs"                       value="-1" />
   <entry key="rhq.agent.client.command-spool-file.name"                             value="command-spool.dat" />
   <entry key="rhq.agent.client.command-spool-file.params"                           value="1000000:75" />
   <entry key="rhq.agent.client.command-spool-file.compressed"                       value="false" />
   <entry key="rhq.agent.client.send-throttling"                                     value="10:5000" />
   <entry key="rhq.agent.client.queue-throttling"                                    value="5:3000" />
   <entry key="rhq.communications.configuration-schema-version"                      value="2" />
   <entry key="rhq.agent.agent-update.enabled"                                       value="false" />
   <entry key="rhq.agent.primary-server-switchover-check-interval-msecs"             value="0" />
   <entry key="rhq.agent.vm-health-check.interval-msecs"                             value="0" />
   <!--
   <entry key="rhq.communications.service-container.mbean-server-name"               value="jboss-on" />
   -->
   <entry key="rhq.communications.data-directory"                                    value="target/testdata" />
   <entry key="rhq.communications.multicast-detector.enabled"                        value="true" />
   <entry key="rhq.communications.multicast-detector.multicast-address"              value="224.16.16.16" />
   <entry key="rhq.communications.multicast-detector.bind-address"                   value="0.0.0.0" />
   <entry key="rhq.communications.multicast-detector.port"                           value="16162" />
   <entry key="rhq.communications.multicast-detector.default-time-delay"             value="5000" />
   <entry key="rhq.communications.multicast-detector.heartbeat-time-delay"           value="1000" />
   <entry key="rhq.communications.connector.rhqtype"                                 value="agent" />
   <entry key="rhq.communications.connector.transport"                               value="socket" />
   <entry key="rhq.communications.connector.bind-port"                               value="11111" />
   <entry key="rhq.communications.connector.bind-address"                            value="127.0.0.1" />
   <entry key="rhq.communications.connector.transport-params"                        value="numAcceptThreads=3&amp;socketTimeout=10000&amp;enableTcpNoDelay=true" />
   <entry key="rhq.communications.connector.lease-period"                            value="5000" />
   <entry key="rhq.communications.connector.security.secure-socket-protocol"         value="TLS" />
   <entry key="rhq.communications.connector.security.keystore.file"                  value="target/testdata/keystore.dat" />
   <entry key="rhq.communications.connector.security.keystore.algorithm"             value="SunX509" />
   <entry key="rhq.communications.connector.security.keystore.type"                  value="JKS" />
   <entry key="rhq.communications.connector.security.keystore.password"              value="PassworD" />
   <entry key="rhq.communications.connector.security.keystore.key-password"          value="PassworD" />
   <entry key="rhq.communications.connector.security.keystore.alias"                 value="jon" />
   <entry key="rhq.communications.connector.security.truststore.file"                value="target/testdata/truststore.dat" />
   <entry key="rhq.communications.connector.security.truststore.algorithm"           value="SunX509" />
   <entry key="rhq.communications.connector.security.truststore.type"                value="JKS" />
   <entry key="rhq.communications.connector.security.truststore.password"            value="PassworD" />
   <entry key="rhq.communications.connector.security.client-auth-mode"               value="none" />
   <entry key="rhq.agent.client.security.secure-socket-protocol"                     value="TLS" />
   <entry key="rhq.agent.client.security.keystore.file"                              value="target/testdata/keystore.dat" />
   <entry key="rhq.agent.client.security.keystore.algorithm"                         value="SunX509" />
   <entry key="rhq.agent.client.security.keystore.type"                              value="JKS" />
   <entry key="rhq.agent.client.security.keystore.password"                          value="PassworD" />
   <entry key="rhq.agent.client.security.keystore.key-password"                      value="PassworD" />
   <entry key="rhq.agent.client.security.keystore.alias"                             value="jon" />
   <entry key="rhq.agent.client.security.truststore.file"                            value="target/testdata/truststore.dat" />
   <entry key="rhq.agent.client.security.truststore.algorithm"                       value="SunX509" />
   <entry key="rhq.agent.client.security.truststore.type"                            value="JKS" />
   <entry key="rhq.agent.client.security.truststore.password"                        value="PassworD" />
   <entry key="rhq.agent.client.security.server-auth-mode-enabled"                   value="true" />
   <entry key="rhq.communications.remote-stream-max-idle-time-msecs"                 value="30000" />
   <entry key="rhq.communications.command-service-directory.allow-dynamic-discovery" value="true" />
   <entry key="rhq.communications.command-services"                                  value="org.rhq.enterprise.communications.command.impl.echo.server.EchoCommandService, org.rhq.enterprise.communications.command.impl.identify.server.IdentifyCommandService" />
   <entry key="rhq.communications.remote-pojos"                                      value="org.rhq.enterprise.communications.PingImpl:org.rhq.enterprise.communications.Ping" />

</map>
</node>
</node>
</root>
</preferences>